<?xml version="1.0" encoding="UTF-8"?>
<!-- Generated by org.testng.reporters.JUnitReportReporter -->
<testsuite hostname="DESKTOP-VN1V6RC" failures="0" tests="1" name="MyProject.SmokeTest" time="63.464" errors="0" timestamp="12 Feb 2019 09:38:32 GMT">
  <testcase classname="MyProject.SmokeTest" name="loginTest" time="63.464"/>
</testsuite> <!-- MyProject.SmokeTest -->
